2018-07-22 17:07:59.334  INFO 7528 --- [main] com.heyx.demo02.Demo02Application        : Starting Demo02Application on DESKTOP-RNDOIBC with PID 7528 (F:\testspace\springboot-demo02\target\classes started by hyx in F:\testspace\springboot-demo02)
2018-07-22 17:07:59.339 DEBUG 7528 --- [main] com.heyx.demo02.Demo02Application        : Running with Spring Boot v2.0.3.RELEASE, Spring v5.0.7.RELEASE
2018-07-22 17:07:59.341  INFO 7528 --- [main] com.heyx.demo02.Demo02Application        : No active profile set, falling back to default profiles: default
2018-07-22 17:07:59.378  INFO 7528 --- [main] ConfigServletWebServerApplicationContext : Refreshing org.springframework.boot.web.servlet.context.AnnotationConfigServletWebServerApplicationContext@35047d03: startup date [Sun Jul 22 17:07:59 CST 2018]; root of context hierarchy
2018-07-22 17:08:00.640  INFO 7528 --- [main] trationDelegate$BeanPostProcessorChecker : Bean 'org.springframework.transaction.annotation.ProxyTransactionManagementConfiguration' of type [org.springframework.transaction.annotation.ProxyTransactionManagementConfiguration$$EnhancerBySpringCGLIB$$ead6f07e] is not eligible for getting processed by all BeanPostProcessors (for example: not eligible for auto-proxying)
2018-07-22 17:08:00.893  INFO 7528 --- [main] o.s.b.w.embedded.tomcat.TomcatWebServer  : Tomcat initialized with port(s): 8001 (http)
2018-07-22 17:08:00.910  INFO 7528 --- [main] o.apache.catalina.core.StandardService   : Starting service [Tomcat]
2018-07-22 17:08:00.910  INFO 7528 --- [main] org.apache.catalina.core.StandardEngine  : Starting Servlet Engine: Apache Tomcat/8.5.31
2018-07-22 17:08:00.915  INFO 7528 --- [localhost-startStop-1] o.a.catalina.core.AprLifecycleListener   : The APR based Apache Tomcat Native library which allows optimal performance in production environments was not found on the java.library.path: [C:\Program Files\Java\jdk1.8.0_161\bin;C:\WINDOWS\Sun\Java\bin;C:\WINDOWS\system32;C:\WINDOWS;C:\Program Files (x86)\Common Files\Oracle\Java\javapath;C:\Program Files\NVIDIA GPU Computing Toolkit\CUDA\v9.1\bin;C:\Program Files\NVIDIA GPU Computing Toolkit\CUDA\v9.1\libnvvp;C:\windows\system32;C:\windows;C:\windows\System32\Wbem;C:\windows\System32\WindowsPowerShell\v1.0\;C:\Program Files (x86)\NVIDIA Corporation\PhysX\Common;d:\Program Files\MATLAB\R2017a\runtime\win64;d:\Program Files\MATLAB\R2017a\bin;C:\Program Files (x86)\Windows Kits\8.1\Windows Performance Toolkit\;D:\Program Files\Git\cmd;C:\WINDOWS\system32;C:\WINDOWS;C:\WINDOWS\System32\Wbem;C:\WINDOWS\System32\WindowsPowerShell\v1.0\;C:\Program Files\dotnet\;D:\PostgreSQL\pg10\bin;D:\Program Files\apache-maven-3.5.3\bin;C:\Program Files\MySQL\MySQL Server 5.7\bin;C:\Program Files\Java\jdk1.8.0_161\bin;C:\Program Files\CMake\bin;D:\Qt\Qt5.9.1\5.9.1\mingw53_32\bin;D:\Program Files\flutter\bin;C:\ProgramData\chocolatey\bin;D:\Program Files\Android\android-sdk;C:\WINDOWS\System32\OpenSSH\;C:\Program Files\Common Files\Autodesk Shared\;D:\Program Files\Microsoft VS Code\bin;D:\Program Files\nodejs\;D:\Program Files\nodejs\node_global;C:\Users\hyx\AppData\Local\Programs\Python\Python36\Scripts\;C:\Users\hyx\AppData\Local\Programs\Python\Python36\;C:\ProgramData\Oracle\Java\javapath;C:\Program Files\NVIDIA GPU Computing Toolkit\CUDA\v9.1\bin;C:\Program Files\NVIDIA GPU Computing Toolkit\CUDA\v9.1\libnvvp;C:\windows\system32;C:\windows;C:\windows\System32\Wbem;C:\windows\System32\WindowsPowerShell\v1.0\;C:\Program Files (x86)\NVIDIA Corporation\PhysX\Common;d:\Program Files\MATLAB\R2017a\runtime\win64;d:\Program Files\MATLAB\R2017a\bin;C:\Program Files (x86)\Windows Kits\8.1\Windows Performance Toolkit\;D:\Program Files\Git\cmd;C:\Windows\system32;C:\Windows;C:\Windows\System32\Wbem;C:\Windows\System32\WindowsPowerShell\v1.0\;C:\Program Files\dotnet\;D:\PostgreSQL\pg10\bin;C:\Program Files\nodejs\;C:\Users\hyx\AppData\Local\Microsoft\WindowsApps;D:\Program Files\Microsoft VS Code\bin;D:\Program Files\SQLite;C:\tools\dart-sdk\bin;C:\Users\hyx\AppData\Roaming\Pub\Cache\bin;D:\Program Files\PCL 1.8.0\bin;C:\Users\hyx\AppData\Local\Microsoft\WindowsApps;C:\Users\hyx\AppData\Local\Programs\nowa-gui-version\resources\app\nodes;C:\Users\hyx\.nowa-gui\installation\node_modules\.bin;C:\Users\hyx\AppData\Local\Programs\nowa-gui-version\resources\app\node_modules\.bin;C:\Users\hyx\AppData\Roaming\npm;.]
2018-07-22 17:08:01.432  INFO 7528 --- [localhost-startStop-1] o.a.c.c.C.[Tomcat].[localhost].[/crud]   : Initializing Spring embedded WebApplicationContext
2018-07-22 17:08:01.432  INFO 7528 --- [localhost-startStop-1] o.s.web.context.ContextLoader            : Root WebApplicationContext: initialization completed in 2054 ms
2018-07-22 17:08:01.563  INFO 7528 --- [localhost-startStop-1] o.s.b.w.servlet.ServletRegistrationBean  : Servlet dispatcherServlet mapped to [/]
2018-07-22 17:08:01.566  INFO 7528 --- [localhost-startStop-1] o.s.b.w.servlet.FilterRegistrationBean   : Mapping filter: 'characterEncodingFilter' to: [/*]
2018-07-22 17:08:01.566  INFO 7528 --- [localhost-startStop-1] o.s.b.w.servlet.FilterRegistrationBean   : Mapping filter: 'hiddenHttpMethodFilter' to: [/*]
2018-07-22 17:08:01.566  INFO 7528 --- [localhost-startStop-1] o.s.b.w.servlet.FilterRegistrationBean   : Mapping filter: 'httpPutFormContentFilter' to: [/*]
2018-07-22 17:08:01.566  INFO 7528 --- [localhost-startStop-1] o.s.b.w.servlet.FilterRegistrationBean   : Mapping filter: 'requestContextFilter' to: [/*]
2018-07-22 17:08:01.670  INFO 7528 --- [main] com.zaxxer.hikari.HikariDataSource       : HikariPool-1 - Starting...
2018-07-22 17:08:01.815  INFO 7528 --- [main] com.zaxxer.hikari.HikariDataSource       : HikariPool-1 - Start completed.
2018-07-22 17:08:01.845  INFO 7528 --- [main] j.LocalContainerEntityManagerFactoryBean : Building JPA container EntityManagerFactory for persistence unit 'default'
2018-07-22 17:08:01.855  INFO 7528 --- [main] o.hibernate.jpa.internal.util.LogHelper  : HHH000204: Processing PersistenceUnitInfo [
	name: default
	...]
2018-07-22 17:08:01.995  INFO 7528 --- [main] org.hibernate.Version                    : HHH000412: Hibernate Core {5.2.17.Final}
2018-07-22 17:08:01.996  INFO 7528 --- [main] org.hibernate.cfg.Environment            : HHH000206: hibernate.properties not found
2018-07-22 17:08:02.032  INFO 7528 --- [main] o.hibernate.annotations.common.Version   : HCANN000001: Hibernate Commons Annotations {5.0.1.Final}
2018-07-22 17:08:02.170  INFO 7528 --- [main] org.hibernate.dialect.Dialect            : HHH000400: Using dialect: org.hibernate.dialect.MySQL5Dialect
2018-07-22 17:08:02.320  INFO 7528 --- [main] j.LocalContainerEntityManagerFactoryBean : Initialized JPA EntityManagerFactory for persistence unit 'default'
2018-07-22 17:08:02.414  INFO 7528 --- [main] o.s.w.s.handler.SimpleUrlHandlerMapping  : Mapped URL path [/**/favicon.ico] onto handler of type [class org.springframework.web.servlet.resource.ResourceHttpRequestHandler]
2018-07-22 17:08:02.587  INFO 7528 --- [main] s.w.s.m.m.a.RequestMappingHandlerAdapter : Looking for @ControllerAdvice: org.springframework.boot.web.servlet.context.AnnotationConfigServletWebServerApplicationContext@35047d03: startup date [Sun Jul 22 17:07:59 CST 2018]; root of context hierarchy
2018-07-22 17:08:02.609  WARN 7528 --- [main] aWebConfiguration$JpaWebMvcConfiguration : spring.jpa.open-in-view is enabled by default. Therefore, database queries may be performed during view rendering. Explicitly configure spring.jpa.open-in-view to disable this warning
2018-07-22 17:08:02.635  INFO 7528 --- [main] s.w.s.m.m.a.RequestMappingHandlerMapping : Mapped "{[/emps],methods=[GET]}" onto public java.lang.String com.heyx.demo02.controller.EmployeeController.list(org.springframework.ui.Model)
2018-07-22 17:08:02.636  INFO 7528 --- [main] s.w.s.m.m.a.RequestMappingHandlerMapping : Mapped "{[/emp],methods=[GET]}" onto public java.lang.String com.heyx.demo02.controller.EmployeeController.toAddPage(org.springframework.ui.Model)
2018-07-22 17:08:02.636  INFO 7528 --- [main] s.w.s.m.m.a.RequestMappingHandlerMapping : Mapped "{[/success]}" onto public java.lang.String com.heyx.demo02.controller.HelloController.success(java.util.Map<java.lang.String, java.lang.Object>)
2018-07-22 17:08:02.637  INFO 7528 --- [main] s.w.s.m.m.a.RequestMappingHandlerMapping : Mapped "{[/bimtest]}" onto public java.lang.String com.heyx.demo02.controller.HelloController.bimtest()
2018-07-22 17:08:02.637  INFO 7528 --- [main] s.w.s.m.m.a.RequestMappingHandlerMapping : Mapped "{[/hello]}" onto public java.lang.String com.heyx.demo02.controller.HelloController.hello()
2018-07-22 17:08:02.639  INFO 7528 --- [main] s.w.s.m.m.a.RequestMappingHandlerMapping : Mapped "{[/user/login],methods=[POST]}" onto public java.lang.String com.heyx.demo02.controller.LoginController.login(java.lang.String,java.lang.String,java.util.Map<java.lang.String, java.lang.Object>,javax.servlet.http.HttpSession)
2018-07-22 17:08:02.642  INFO 7528 --- [main] s.w.s.m.m.a.RequestMappingHandlerMapping : Mapped "{[/error]}" onto public org.springframework.http.ResponseEntity<java.util.Map<java.lang.String, java.lang.Object>> org.springframework.boot.autoconfigure.web.servlet.error.BasicErrorController.error(javax.servlet.http.HttpServletRequest)
2018-07-22 17:08:02.642  INFO 7528 --- [main] s.w.s.m.m.a.RequestMappingHandlerMapping : Mapped "{[/error],produces=[text/html]}" onto public org.springframework.web.servlet.ModelAndView org.springframework.boot.autoconfigure.web.servlet.error.BasicErrorController.errorHtml(javax.servlet.http.HttpServletRequest,javax.servlet.http.HttpServletResponse)
2018-07-22 17:08:02.652  INFO 7528 --- [main] o.s.w.s.handler.SimpleUrlHandlerMapping  : Mapped URL path [/atguigu] onto handler of type [class org.springframework.web.servlet.mvc.ParameterizableViewController]
2018-07-22 17:08:02.652  INFO 7528 --- [main] o.s.w.s.handler.SimpleUrlHandlerMapping  : Root mapping to handler of type [class org.springframework.web.servlet.mvc.ParameterizableViewController]
2018-07-22 17:08:02.652  INFO 7528 --- [main] o.s.w.s.handler.SimpleUrlHandlerMapping  : Mapped URL path [/index.html] onto handler of type [class org.springframework.web.servlet.mvc.ParameterizableViewController]
2018-07-22 17:08:02.652  INFO 7528 --- [main] o.s.w.s.handler.SimpleUrlHandlerMapping  : Mapped URL path [/main.html] onto handler of type [class org.springframework.web.servlet.mvc.ParameterizableViewController]
2018-07-22 17:08:02.663  INFO 7528 --- [main] o.s.w.s.handler.SimpleUrlHandlerMapping  : Mapped URL path [/webjars/**] onto handler of type [class org.springframework.web.servlet.resource.ResourceHttpRequestHandler]
2018-07-22 17:08:02.663  INFO 7528 --- [main] o.s.w.s.handler.SimpleUrlHandlerMapping  : Mapped URL path [/**] onto handler of type [class org.springframework.web.servlet.resource.ResourceHttpRequestHandler]
2018-07-22 17:08:02.744  INFO 7528 --- [main] o.s.b.a.w.s.WelcomePageHandlerMapping    : Adding welcome page: class path resource [public/index.html]
2018-07-22 17:08:02.994  INFO 7528 --- [main] o.s.j.e.a.AnnotationMBeanExporter        : Registering beans for JMX exposure on startup
2018-07-22 17:08:02.996  INFO 7528 --- [main] o.s.j.e.a.AnnotationMBeanExporter        : Bean with name 'dataSource' has been autodetected for JMX exposure
2018-07-22 17:08:02.999  INFO 7528 --- [main] o.s.j.e.a.AnnotationMBeanExporter        : Located MBean 'dataSource': registering with JMX server as MBean [com.zaxxer.hikari:name=dataSource,type=HikariDataSource]
2018-07-22 17:08:03.016 ERROR 7528 --- [main] o.apache.catalina.core.StandardService   : Failed to start connector [Connector[HTTP/1.1-8001]]

org.apache.catalina.LifecycleException: Failed to start component [Connector[HTTP/1.1-8001]]
	at org.apache.catalina.util.LifecycleBase.start(LifecycleBase.java:167) ~[tomcat-embed-core-8.5.31.jar:8.5.31]
	at org.apache.catalina.core.StandardService.addConnector(StandardService.java:225) ~[tomcat-embed-core-8.5.31.jar:8.5.31]
	at org.springframework.boot.web.embedded.tomcat.TomcatWebServer.addPreviouslyRemovedConnectors(TomcatWebServer.java:256) [spring-boot-2.0.3.RELEASE.jar:2.0.3.RELEASE]
	at org.springframework.boot.web.embedded.tomcat.TomcatWebServer.start(TomcatWebServer.java:198) [spring-boot-2.0.3.RELEASE.jar:2.0.3.RELEASE]
	at org.springframework.boot.web.servlet.context.ServletWebServerApplicationContext.startWebServer(ServletWebServerApplicationContext.java:300) [spring-boot-2.0.3.RELEASE.jar:2.0.3.RELEASE]
	at org.springframework.boot.web.servlet.context.ServletWebServerApplicationContext.finishRefresh(ServletWebServerApplicationContext.java:162) [spring-boot-2.0.3.RELEASE.jar:2.0.3.RELEASE]
	at org.springframework.context.support.AbstractApplicationContext.refresh(AbstractApplicationContext.java:553) [spring-context-5.0.7.RELEASE.jar:5.0.7.RELEASE]
	at org.springframework.boot.web.servlet.context.ServletWebServerApplicationContext.refresh(ServletWebServerApplicationContext.java:140) [spring-boot-2.0.3.RELEASE.jar:2.0.3.RELEASE]
	at org.springframework.boot.SpringApplication.refresh(SpringApplication.java:759) [spring-boot-2.0.3.RELEASE.jar:2.0.3.RELEASE]
	at org.springframework.boot.SpringApplication.refreshContext(SpringApplication.java:395) [spring-boot-2.0.3.RELEASE.jar:2.0.3.RELEASE]
	at org.springframework.boot.SpringApplication.run(SpringApplication.java:327) [spring-boot-2.0.3.RELEASE.jar:2.0.3.RELEASE]
	at org.springframework.boot.SpringApplication.run(SpringApplication.java:1255) [spring-boot-2.0.3.RELEASE.jar:2.0.3.RELEASE]
	at org.springframework.boot.SpringApplication.run(SpringApplication.java:1243) [spring-boot-2.0.3.RELEASE.jar:2.0.3.RELEASE]
	at com.heyx.demo02.Demo02Application.main(Demo02Application.java:16) [classes/:na]
Caused by: org.apache.catalina.LifecycleException: Protocol handler start failed
	at org.apache.catalina.connector.Connector.startInternal(Connector.java:1020) ~[tomcat-embed-core-8.5.31.jar:8.5.31]
	at org.apache.catalina.util.LifecycleBase.start(LifecycleBase.java:150) ~[tomcat-embed-core-8.5.31.jar:8.5.31]
	... 13 common frames omitted
Caused by: java.net.BindException: Address already in use: bind
	at sun.nio.ch.Net.bind0(Native Method) ~[na:1.8.0_161]
	at sun.nio.ch.Net.bind(Net.java:433) ~[na:1.8.0_161]
	at sun.nio.ch.Net.bind(Net.java:425) ~[na:1.8.0_161]
	at sun.nio.ch.ServerSocketChannelImpl.bind(ServerSocketChannelImpl.java:223) ~[na:1.8.0_161]
	at sun.nio.ch.ServerSocketAdaptor.bind(ServerSocketAdaptor.java:74) ~[na:1.8.0_161]
	at org.apache.tomcat.util.net.NioEndpoint.bind(NioEndpoint.java:210) ~[tomcat-embed-core-8.5.31.jar:8.5.31]
	at org.apache.tomcat.util.net.AbstractEndpoint.start(AbstractEndpoint.java:1150) ~[tomcat-embed-core-8.5.31.jar:8.5.31]
	at org.apache.coyote.AbstractProtocol.start(AbstractProtocol.java:591) ~[tomcat-embed-core-8.5.31.jar:8.5.31]
	at org.apache.catalina.connector.Connector.startInternal(Connector.java:1018) ~[tomcat-embed-core-8.5.31.jar:8.5.31]
	... 14 common frames omitted

2018-07-22 17:08:03.037  INFO 7528 --- [main] o.apache.catalina.core.StandardService   : Stopping service [Tomcat]
2018-07-22 17:08:03.051  INFO 7528 --- [main] ConditionEvaluationReportLoggingListener : 

Error starting ApplicationContext. To display the conditions report re-run your application with 'debug' enabled.
2018-07-22 17:08:03.054 ERROR 7528 --- [main] o.s.b.d.LoggingFailureAnalysisReporter   : 

***************************
APPLICATION FAILED TO START
***************************

Description:

The Tomcat connector configured to listen on port 8001 failed to start. The port may already be in use or the connector may be misconfigured.

Action:

Verify the connector's configuration, identify and stop any process that's listening on port 8001, or configure this application to listen on another port.

2018-07-22 17:08:03.055  INFO 7528 --- [main] ConfigServletWebServerApplicationContext : Closing org.springframework.boot.web.servlet.context.AnnotationConfigServletWebServerApplicationContext@35047d03: startup date [Sun Jul 22 17:07:59 CST 2018]; root of context hierarchy
2018-07-22 17:08:03.056  INFO 7528 --- [main] o.s.j.e.a.AnnotationMBeanExporter        : Unregistering JMX-exposed beans on shutdown
2018-07-22 17:08:03.057  INFO 7528 --- [main] o.s.j.e.a.AnnotationMBeanExporter        : Unregistering JMX-exposed beans
2018-07-22 17:08:03.057  INFO 7528 --- [main] j.LocalContainerEntityManagerFactoryBean : Closing JPA EntityManagerFactory for persistence unit 'default'
2018-07-22 17:08:03.058  INFO 7528 --- [main] com.zaxxer.hikari.HikariDataSource       : HikariPool-1 - Shutdown initiated...
2018-07-22 17:08:03.063  INFO 7528 --- [main] com.zaxxer.hikari.HikariDataSource       : HikariPool-1 - Shutdown completed.
2018-07-22 17:08:27.567  INFO 16064 --- [main] com.heyx.demo02.Demo02Application        : Starting Demo02Application on DESKTOP-RNDOIBC with PID 16064 (F:\testspace\springboot-demo02\target\classes started by hyx in F:\testspace\springboot-demo02)
2018-07-22 17:08:27.570 DEBUG 16064 --- [main] com.heyx.demo02.Demo02Application        : Running with Spring Boot v2.0.3.RELEASE, Spring v5.0.7.RELEASE
2018-07-22 17:08:27.572  INFO 16064 --- [main] com.heyx.demo02.Demo02Application        : No active profile set, falling back to default profiles: default
2018-07-22 17:08:27.617  INFO 16064 --- [main] ConfigServletWebServerApplicationContext : Refreshing org.springframework.boot.web.servlet.context.AnnotationConfigServletWebServerApplicationContext@1622f1b: startup date [Sun Jul 22 17:08:27 CST 2018]; root of context hierarchy
2018-07-22 17:08:28.591  INFO 16064 --- [main] trationDelegate$BeanPostProcessorChecker : Bean 'org.springframework.transaction.annotation.ProxyTransactionManagementConfiguration' of type [org.springframework.transaction.annotation.ProxyTransactionManagementConfiguration$$EnhancerBySpringCGLIB$$68ce0934] is not eligible for getting processed by all BeanPostProcessors (for example: not eligible for auto-proxying)
2018-07-22 17:08:28.974  INFO 16064 --- [main] o.s.b.w.embedded.tomcat.TomcatWebServer  : Tomcat initialized with port(s): 8090 (http)
2018-07-22 17:08:29.005  INFO 16064 --- [main] o.apache.catalina.core.StandardService   : Starting service [Tomcat]
2018-07-22 17:08:29.005  INFO 16064 --- [main] org.apache.catalina.core.StandardEngine  : Starting Servlet Engine: Apache Tomcat/8.5.31
2018-07-22 17:08:29.012  INFO 16064 --- [localhost-startStop-1] o.a.catalina.core.AprLifecycleListener   : The APR based Apache Tomcat Native library which allows optimal performance in production environments was not found on the java.library.path: [C:\Program Files\Java\jdk1.8.0_161\bin;C:\WINDOWS\Sun\Java\bin;C:\WINDOWS\system32;C:\WINDOWS;C:\Program Files (x86)\Common Files\Oracle\Java\javapath;C:\Program Files\NVIDIA GPU Computing Toolkit\CUDA\v9.1\bin;C:\Program Files\NVIDIA GPU Computing Toolkit\CUDA\v9.1\libnvvp;C:\windows\system32;C:\windows;C:\windows\System32\Wbem;C:\windows\System32\WindowsPowerShell\v1.0\;C:\Program Files (x86)\NVIDIA Corporation\PhysX\Common;d:\Program Files\MATLAB\R2017a\runtime\win64;d:\Program Files\MATLAB\R2017a\bin;C:\Program Files (x86)\Windows Kits\8.1\Windows Performance Toolkit\;D:\Program Files\Git\cmd;C:\WINDOWS\system32;C:\WINDOWS;C:\WINDOWS\System32\Wbem;C:\WINDOWS\System32\WindowsPowerShell\v1.0\;C:\Program Files\dotnet\;D:\PostgreSQL\pg10\bin;D:\Program Files\apache-maven-3.5.3\bin;C:\Program Files\MySQL\MySQL Server 5.7\bin;C:\Program Files\Java\jdk1.8.0_161\bin;C:\Program Files\CMake\bin;D:\Qt\Qt5.9.1\5.9.1\mingw53_32\bin;D:\Program Files\flutter\bin;C:\ProgramData\chocolatey\bin;D:\Program Files\Android\android-sdk;C:\WINDOWS\System32\OpenSSH\;C:\Program Files\Common Files\Autodesk Shared\;D:\Program Files\Microsoft VS Code\bin;D:\Program Files\nodejs\;D:\Program Files\nodejs\node_global;C:\Users\hyx\AppData\Local\Programs\Python\Python36\Scripts\;C:\Users\hyx\AppData\Local\Programs\Python\Python36\;C:\ProgramData\Oracle\Java\javapath;C:\Program Files\NVIDIA GPU Computing Toolkit\CUDA\v9.1\bin;C:\Program Files\NVIDIA GPU Computing Toolkit\CUDA\v9.1\libnvvp;C:\windows\system32;C:\windows;C:\windows\System32\Wbem;C:\windows\System32\WindowsPowerShell\v1.0\;C:\Program Files (x86)\NVIDIA Corporation\PhysX\Common;d:\Program Files\MATLAB\R2017a\runtime\win64;d:\Program Files\MATLAB\R2017a\bin;C:\Program Files (x86)\Windows Kits\8.1\Windows Performance Toolkit\;D:\Program Files\Git\cmd;C:\Windows\system32;C:\Windows;C:\Windows\System32\Wbem;C:\Windows\System32\WindowsPowerShell\v1.0\;C:\Program Files\dotnet\;D:\PostgreSQL\pg10\bin;C:\Program Files\nodejs\;C:\Users\hyx\AppData\Local\Microsoft\WindowsApps;D:\Program Files\Microsoft VS Code\bin;D:\Program Files\SQLite;C:\tools\dart-sdk\bin;C:\Users\hyx\AppData\Roaming\Pub\Cache\bin;D:\Program Files\PCL 1.8.0\bin;C:\Users\hyx\AppData\Local\Microsoft\WindowsApps;C:\Users\hyx\AppData\Local\Programs\nowa-gui-version\resources\app\nodes;C:\Users\hyx\.nowa-gui\installation\node_modules\.bin;C:\Users\hyx\AppData\Local\Programs\nowa-gui-version\resources\app\node_modules\.bin;C:\Users\hyx\AppData\Roaming\npm;.]
2018-07-22 17:08:29.163  INFO 16064 --- [localhost-startStop-1] o.a.c.c.C.[Tomcat].[localhost].[/crud]   : Initializing Spring embedded WebApplicationContext
2018-07-22 17:08:29.163  INFO 16064 --- [localhost-startStop-1] o.s.web.context.ContextLoader            : Root WebApplicationContext: initialization completed in 1546 ms
2018-07-22 17:08:29.354  INFO 16064 --- [localhost-startStop-1] o.s.b.w.servlet.ServletRegistrationBean  : Servlet dispatcherServlet mapped to [/]
2018-07-22 17:08:29.357  INFO 16064 --- [localhost-startStop-1] o.s.b.w.servlet.FilterRegistrationBean   : Mapping filter: 'characterEncodingFilter' to: [/*]
2018-07-22 17:08:29.358  INFO 16064 --- [localhost-startStop-1] o.s.b.w.servlet.FilterRegistrationBean   : Mapping filter: 'hiddenHttpMethodFilter' to: [/*]
2018-07-22 17:08:29.358  INFO 16064 --- [localhost-startStop-1] o.s.b.w.servlet.FilterRegistrationBean   : Mapping filter: 'httpPutFormContentFilter' to: [/*]
2018-07-22 17:08:29.358  INFO 16064 --- [localhost-startStop-1] o.s.b.w.servlet.FilterRegistrationBean   : Mapping filter: 'requestContextFilter' to: [/*]
2018-07-22 17:08:29.474  INFO 16064 --- [main] com.zaxxer.hikari.HikariDataSource       : HikariPool-1 - Starting...
2018-07-22 17:08:29.625  INFO 16064 --- [main] com.zaxxer.hikari.HikariDataSource       : HikariPool-1 - Start completed.
2018-07-22 17:08:29.666  INFO 16064 --- [main] j.LocalContainerEntityManagerFactoryBean : Building JPA container EntityManagerFactory for persistence unit 'default'
2018-07-22 17:08:29.676  INFO 16064 --- [main] o.hibernate.jpa.internal.util.LogHelper  : HHH000204: Processing PersistenceUnitInfo [
	name: default
	...]
2018-07-22 17:08:29.817  INFO 16064 --- [main] org.hibernate.Version                    : HHH000412: Hibernate Core {5.2.17.Final}
2018-07-22 17:08:29.818  INFO 16064 --- [main] org.hibernate.cfg.Environment            : HHH000206: hibernate.properties not found
2018-07-22 17:08:29.894  INFO 16064 --- [main] o.hibernate.annotations.common.Version   : HCANN000001: Hibernate Commons Annotations {5.0.1.Final}
2018-07-22 17:08:30.071  INFO 16064 --- [main] org.hibernate.dialect.Dialect            : HHH000400: Using dialect: org.hibernate.dialect.MySQL5Dialect
2018-07-22 17:08:30.306  INFO 16064 --- [main] j.LocalContainerEntityManagerFactoryBean : Initialized JPA EntityManagerFactory for persistence unit 'default'
2018-07-22 17:08:30.453  INFO 16064 --- [main] o.s.w.s.handler.SimpleUrlHandlerMapping  : Mapped URL path [/**/favicon.ico] onto handler of type [class org.springframework.web.servlet.resource.ResourceHttpRequestHandler]
2018-07-22 17:08:30.669  INFO 16064 --- [main] s.w.s.m.m.a.RequestMappingHandlerAdapter : Looking for @ControllerAdvice: org.springframework.boot.web.servlet.context.AnnotationConfigServletWebServerApplicationContext@1622f1b: startup date [Sun Jul 22 17:08:27 CST 2018]; root of context hierarchy
2018-07-22 17:08:30.699  WARN 16064 --- [main] aWebConfiguration$JpaWebMvcConfiguration : spring.jpa.open-in-view is enabled by default. Therefore, database queries may be performed during view rendering. Explicitly configure spring.jpa.open-in-view to disable this warning
2018-07-22 17:08:30.730  INFO 16064 --- [main] s.w.s.m.m.a.RequestMappingHandlerMapping : Mapped "{[/emps],methods=[GET]}" onto public java.lang.String com.heyx.demo02.controller.EmployeeController.list(org.springframework.ui.Model)
2018-07-22 17:08:30.731  INFO 16064 --- [main] s.w.s.m.m.a.RequestMappingHandlerMapping : Mapped "{[/emp],methods=[GET]}" onto public java.lang.String com.heyx.demo02.controller.EmployeeController.toAddPage(org.springframework.ui.Model)
2018-07-22 17:08:30.731  INFO 16064 --- [main] s.w.s.m.m.a.RequestMappingHandlerMapping : Mapped "{[/success]}" onto public java.lang.String com.heyx.demo02.controller.HelloController.success(java.util.Map<java.lang.String, java.lang.Object>)
2018-07-22 17:08:30.732  INFO 16064 --- [main] s.w.s.m.m.a.RequestMappingHandlerMapping : Mapped "{[/hello]}" onto public java.lang.String com.heyx.demo02.controller.HelloController.hello()
2018-07-22 17:08:30.732  INFO 16064 --- [main] s.w.s.m.m.a.RequestMappingHandlerMapping : Mapped "{[/bimtest]}" onto public java.lang.String com.heyx.demo02.controller.HelloController.bimtest()
2018-07-22 17:08:30.733  INFO 16064 --- [main] s.w.s.m.m.a.RequestMappingHandlerMapping : Mapped "{[/user/login],methods=[POST]}" onto public java.lang.String com.heyx.demo02.controller.LoginController.login(java.lang.String,java.lang.String,java.util.Map<java.lang.String, java.lang.Object>,javax.servlet.http.HttpSession)
2018-07-22 17:08:30.737  INFO 16064 --- [main] s.w.s.m.m.a.RequestMappingHandlerMapping : Mapped "{[/error]}" onto public org.springframework.http.ResponseEntity<java.util.Map<java.lang.String, java.lang.Object>> org.springframework.boot.autoconfigure.web.servlet.error.BasicErrorController.error(javax.servlet.http.HttpServletRequest)
2018-07-22 17:08:30.738  INFO 16064 --- [main] s.w.s.m.m.a.RequestMappingHandlerMapping : Mapped "{[/error],produces=[text/html]}" onto public org.springframework.web.servlet.ModelAndView org.springframework.boot.autoconfigure.web.servlet.error.BasicErrorController.errorHtml(javax.servlet.http.HttpServletRequest,javax.servlet.http.HttpServletResponse)
2018-07-22 17:08:30.749  INFO 16064 --- [main] o.s.w.s.handler.SimpleUrlHandlerMapping  : Mapped URL path [/atguigu] onto handler of type [class org.springframework.web.servlet.mvc.ParameterizableViewController]
2018-07-22 17:08:30.749  INFO 16064 --- [main] o.s.w.s.handler.SimpleUrlHandlerMapping  : Root mapping to handler of type [class org.springframework.web.servlet.mvc.ParameterizableViewController]
2018-07-22 17:08:30.749  INFO 16064 --- [main] o.s.w.s.handler.SimpleUrlHandlerMapping  : Mapped URL path [/index.html] onto handler of type [class org.springframework.web.servlet.mvc.ParameterizableViewController]
2018-07-22 17:08:30.749  INFO 16064 --- [main] o.s.w.s.handler.SimpleUrlHandlerMapping  : Mapped URL path [/main.html] onto handler of type [class org.springframework.web.servlet.mvc.ParameterizableViewController]
2018-07-22 17:08:30.764  INFO 16064 --- [main] o.s.w.s.handler.SimpleUrlHandlerMapping  : Mapped URL path [/webjars/**] onto handler of type [class org.springframework.web.servlet.resource.ResourceHttpRequestHandler]
2018-07-22 17:08:30.765  INFO 16064 --- [main] o.s.w.s.handler.SimpleUrlHandlerMapping  : Mapped URL path [/**] onto handler of type [class org.springframework.web.servlet.resource.ResourceHttpRequestHandler]
2018-07-22 17:08:30.856  INFO 16064 --- [main] o.s.b.a.w.s.WelcomePageHandlerMapping    : Adding welcome page: class path resource [public/index.html]
2018-07-22 17:08:31.082  INFO 16064 --- [main] o.s.j.e.a.AnnotationMBeanExporter        : Registering beans for JMX exposure on startup
2018-07-22 17:08:31.083  INFO 16064 --- [main] o.s.j.e.a.AnnotationMBeanExporter        : Bean with name 'dataSource' has been autodetected for JMX exposure
2018-07-22 17:08:31.087  INFO 16064 --- [main] o.s.j.e.a.AnnotationMBeanExporter        : Located MBean 'dataSource': registering with JMX server as MBean [com.zaxxer.hikari:name=dataSource,type=HikariDataSource]
2018-07-22 17:08:31.121  INFO 16064 --- [main] o.s.b.w.embedded.tomcat.TomcatWebServer  : Tomcat started on port(s): 8090 (http) with context path '/crud'
2018-07-22 17:08:31.125  INFO 16064 --- [main] com.heyx.demo02.Demo02Application        : Started Demo02Application in 3.858 seconds (JVM running for 4.928)
2018-07-22 17:08:59.086  INFO 16064 --- [http-nio-8090-exec-8] o.a.c.c.C.[Tomcat].[localhost].[/crud]   : Initializing Spring FrameworkServlet 'dispatcherServlet'
2018-07-22 17:08:59.086  INFO 16064 --- [http-nio-8090-exec-8] o.s.web.servlet.DispatcherServlet        : FrameworkServlet 'dispatcherServlet': initialization started
2018-07-22 17:08:59.105  INFO 16064 --- [http-nio-8090-exec-8] o.s.web.servlet.DispatcherServlet        : FrameworkServlet 'dispatcherServlet': initialization completed in 19 ms
2018-07-22 17:09:12.883  WARN 16064 --- [http-nio-8090-exec-6] o.s.web.servlet.PageNotFound             : Request method 'GET' not supported
2018-07-22 17:10:49.854  WARN 16064 --- [http-nio-8090-exec-5] o.s.web.servlet.PageNotFound             : Request method 'GET' not supported
2018-07-22 17:11:54.436  INFO 8848 --- [main] com.heyx.demo02.Demo02Application        : Starting Demo02Application on DESKTOP-RNDOIBC with PID 8848 (F:\testspace\springboot-demo02\target\classes started by hyx in F:\testspace\springboot-demo02)
2018-07-22 17:11:54.439 DEBUG 8848 --- [main] com.heyx.demo02.Demo02Application        : Running with Spring Boot v2.0.3.RELEASE, Spring v5.0.7.RELEASE
2018-07-22 17:11:54.441  INFO 8848 --- [main] com.heyx.demo02.Demo02Application        : No active profile set, falling back to default profiles: default
2018-07-22 17:11:54.487  INFO 8848 --- [main] ConfigServletWebServerApplicationContext : Refreshing org.springframework.boot.web.servlet.context.AnnotationConfigServletWebServerApplicationContext@e056f20: startup date [Sun Jul 22 17:11:54 CST 2018]; root of context hierarchy
2018-07-22 17:11:55.376  INFO 8848 --- [main] trationDelegate$BeanPostProcessorChecker : Bean 'org.springframework.transaction.annotation.ProxyTransactionManagementConfiguration' of type [org.springframework.transaction.annotation.ProxyTransactionManagementConfiguration$$EnhancerBySpringCGLIB$$a51786ac] is not eligible for getting processed by all BeanPostProcessors (for example: not eligible for auto-proxying)
2018-07-22 17:11:55.666  INFO 8848 --- [main] o.s.b.w.embedded.tomcat.TomcatWebServer  : Tomcat initialized with port(s): 8090 (http)
2018-07-22 17:11:55.692  INFO 8848 --- [main] o.apache.catalina.core.StandardService   : Starting service [Tomcat]
2018-07-22 17:11:55.692  INFO 8848 --- [main] org.apache.catalina.core.StandardEngine  : Starting Servlet Engine: Apache Tomcat/8.5.31
2018-07-22 17:11:55.696  INFO 8848 --- [localhost-startStop-1] o.a.catalina.core.AprLifecycleListener   : The APR based Apache Tomcat Native library which allows optimal performance in production environments was not found on the java.library.path: [C:\Program Files\Java\jdk1.8.0_161\bin;C:\WINDOWS\Sun\Java\bin;C:\WINDOWS\system32;C:\WINDOWS;C:\Program Files (x86)\Common Files\Oracle\Java\javapath;C:\Program Files\NVIDIA GPU Computing Toolkit\CUDA\v9.1\bin;C:\Program Files\NVIDIA GPU Computing Toolkit\CUDA\v9.1\libnvvp;C:\windows\system32;C:\windows;C:\windows\System32\Wbem;C:\windows\System32\WindowsPowerShell\v1.0\;C:\Program Files (x86)\NVIDIA Corporation\PhysX\Common;d:\Program Files\MATLAB\R2017a\runtime\win64;d:\Program Files\MATLAB\R2017a\bin;C:\Program Files (x86)\Windows Kits\8.1\Windows Performance Toolkit\;D:\Program Files\Git\cmd;C:\WINDOWS\system32;C:\WINDOWS;C:\WINDOWS\System32\Wbem;C:\WINDOWS\System32\WindowsPowerShell\v1.0\;C:\Program Files\dotnet\;D:\PostgreSQL\pg10\bin;D:\Program Files\apache-maven-3.5.3\bin;C:\Program Files\MySQL\MySQL Server 5.7\bin;C:\Program Files\Java\jdk1.8.0_161\bin;C:\Program Files\CMake\bin;D:\Qt\Qt5.9.1\5.9.1\mingw53_32\bin;D:\Program Files\flutter\bin;C:\ProgramData\chocolatey\bin;D:\Program Files\Android\android-sdk;C:\WINDOWS\System32\OpenSSH\;C:\Program Files\Common Files\Autodesk Shared\;D:\Program Files\Microsoft VS Code\bin;D:\Program Files\nodejs\;D:\Program Files\nodejs\node_global;C:\Users\hyx\AppData\Local\Programs\Python\Python36\Scripts\;C:\Users\hyx\AppData\Local\Programs\Python\Python36\;C:\ProgramData\Oracle\Java\javapath;C:\Program Files\NVIDIA GPU Computing Toolkit\CUDA\v9.1\bin;C:\Program Files\NVIDIA GPU Computing Toolkit\CUDA\v9.1\libnvvp;C:\windows\system32;C:\windows;C:\windows\System32\Wbem;C:\windows\System32\WindowsPowerShell\v1.0\;C:\Program Files (x86)\NVIDIA Corporation\PhysX\Common;d:\Program Files\MATLAB\R2017a\runtime\win64;d:\Program Files\MATLAB\R2017a\bin;C:\Program Files (x86)\Windows Kits\8.1\Windows Performance Toolkit\;D:\Program Files\Git\cmd;C:\Windows\system32;C:\Windows;C:\Windows\System32\Wbem;C:\Windows\System32\WindowsPowerShell\v1.0\;C:\Program Files\dotnet\;D:\PostgreSQL\pg10\bin;C:\Program Files\nodejs\;C:\Users\hyx\AppData\Local\Microsoft\WindowsApps;D:\Program Files\Microsoft VS Code\bin;D:\Program Files\SQLite;C:\tools\dart-sdk\bin;C:\Users\hyx\AppData\Roaming\Pub\Cache\bin;D:\Program Files\PCL 1.8.0\bin;C:\Users\hyx\AppData\Local\Microsoft\WindowsApps;C:\Users\hyx\AppData\Local\Programs\nowa-gui-version\resources\app\nodes;C:\Users\hyx\.nowa-gui\installation\node_modules\.bin;C:\Users\hyx\AppData\Local\Programs\nowa-gui-version\resources\app\node_modules\.bin;C:\Users\hyx\AppData\Roaming\npm;.]
2018-07-22 17:11:55.897  INFO 8848 --- [localhost-startStop-1] o.a.c.c.C.[Tomcat].[localhost].[/crud]   : Initializing Spring embedded WebApplicationContext
2018-07-22 17:11:55.898  INFO 8848 --- [localhost-startStop-1] o.s.web.context.ContextLoader            : Root WebApplicationContext: initialization completed in 1412 ms
2018-07-22 17:11:56.090  INFO 8848 --- [localhost-startStop-1] o.s.b.w.servlet.ServletRegistrationBean  : Servlet dispatcherServlet mapped to [/]
2018-07-22 17:11:56.095  INFO 8848 --- [localhost-startStop-1] o.s.b.w.servlet.FilterRegistrationBean   : Mapping filter: 'characterEncodingFilter' to: [/*]
2018-07-22 17:11:56.095  INFO 8848 --- [localhost-startStop-1] o.s.b.w.servlet.FilterRegistrationBean   : Mapping filter: 'hiddenHttpMethodFilter' to: [/*]
2018-07-22 17:11:56.095  INFO 8848 --- [localhost-startStop-1] o.s.b.w.servlet.FilterRegistrationBean   : Mapping filter: 'httpPutFormContentFilter' to: [/*]
2018-07-22 17:11:56.095  INFO 8848 --- [localhost-startStop-1] o.s.b.w.servlet.FilterRegistrationBean   : Mapping filter: 'requestContextFilter' to: [/*]
2018-07-22 17:11:56.271  INFO 8848 --- [main] com.zaxxer.hikari.HikariDataSource       : HikariPool-1 - Starting...
2018-07-22 17:11:56.493  INFO 8848 --- [main] com.zaxxer.hikari.HikariDataSource       : HikariPool-1 - Start completed.
2018-07-22 17:11:56.536  INFO 8848 --- [main] j.LocalContainerEntityManagerFactoryBean : Building JPA container EntityManagerFactory for persistence unit 'default'
2018-07-22 17:11:56.547  INFO 8848 --- [main] o.hibernate.jpa.internal.util.LogHelper  : HHH000204: Processing PersistenceUnitInfo [
	name: default
	...]
2018-07-22 17:11:56.687  INFO 8848 --- [main] org.hibernate.Version                    : HHH000412: Hibernate Core {5.2.17.Final}
2018-07-22 17:11:56.689  INFO 8848 --- [main] org.hibernate.cfg.Environment            : HHH000206: hibernate.properties not found
2018-07-22 17:11:56.788  INFO 8848 --- [main] o.hibernate.annotations.common.Version   : HCANN000001: Hibernate Commons Annotations {5.0.1.Final}
2018-07-22 17:11:56.959  INFO 8848 --- [main] org.hibernate.dialect.Dialect            : HHH000400: Using dialect: org.hibernate.dialect.MySQL5Dialect
2018-07-22 17:11:57.140  INFO 8848 --- [main] j.LocalContainerEntityManagerFactoryBean : Initialized JPA EntityManagerFactory for persistence unit 'default'
2018-07-22 17:11:57.270  INFO 8848 --- [main] o.s.w.s.handler.SimpleUrlHandlerMapping  : Mapped URL path [/**/favicon.ico] onto handler of type [class org.springframework.web.servlet.resource.ResourceHttpRequestHandler]
2018-07-22 17:11:57.487  INFO 8848 --- [main] s.w.s.m.m.a.RequestMappingHandlerAdapter : Looking for @ControllerAdvice: org.springframework.boot.web.servlet.context.AnnotationConfigServletWebServerApplicationContext@e056f20: startup date [Sun Jul 22 17:11:54 CST 2018]; root of context hierarchy
2018-07-22 17:11:57.517  WARN 8848 --- [main] aWebConfiguration$JpaWebMvcConfiguration : spring.jpa.open-in-view is enabled by default. Therefore, database queries may be performed during view rendering. Explicitly configure spring.jpa.open-in-view to disable this warning
2018-07-22 17:11:57.550  INFO 8848 --- [main] s.w.s.m.m.a.RequestMappingHandlerMapping : Mapped "{[/emps],methods=[GET]}" onto public java.lang.String com.heyx.demo02.controller.EmployeeController.list(org.springframework.ui.Model)
2018-07-22 17:11:57.551  INFO 8848 --- [main] s.w.s.m.m.a.RequestMappingHandlerMapping : Mapped "{[/emp],methods=[GET]}" onto public java.lang.String com.heyx.demo02.controller.EmployeeController.toAddPage(org.springframework.ui.Model)
2018-07-22 17:11:57.552  INFO 8848 --- [main] s.w.s.m.m.a.RequestMappingHandlerMapping : Mapped "{[/success]}" onto public java.lang.String com.heyx.demo02.controller.HelloController.success(java.util.Map<java.lang.String, java.lang.Object>)
2018-07-22 17:11:57.552  INFO 8848 --- [main] s.w.s.m.m.a.RequestMappingHandlerMapping : Mapped "{[/bimtest]}" onto public java.lang.String com.heyx.demo02.controller.HelloController.bimtest()
2018-07-22 17:11:57.553  INFO 8848 --- [main] s.w.s.m.m.a.RequestMappingHandlerMapping : Mapped "{[/hello]}" onto public java.lang.String com.heyx.demo02.controller.HelloController.hello()
2018-07-22 17:11:57.554  INFO 8848 --- [main] s.w.s.m.m.a.RequestMappingHandlerMapping : Mapped "{[/user/login],methods=[POST]}" onto public java.lang.String com.heyx.demo02.controller.LoginController.login(java.lang.String,java.lang.String,java.util.Map<java.lang.String, java.lang.Object>,javax.servlet.http.HttpSession)
2018-07-22 17:11:57.558  INFO 8848 --- [main] s.w.s.m.m.a.RequestMappingHandlerMapping : Mapped "{[/error]}" onto public org.springframework.http.ResponseEntity<java.util.Map<java.lang.String, java.lang.Object>> org.springframework.boot.autoconfigure.web.servlet.error.BasicErrorController.error(javax.servlet.http.HttpServletRequest)
2018-07-22 17:11:57.559  INFO 8848 --- [main] s.w.s.m.m.a.RequestMappingHandlerMapping : Mapped "{[/error],produces=[text/html]}" onto public org.springframework.web.servlet.ModelAndView org.springframework.boot.autoconfigure.web.servlet.error.BasicErrorController.errorHtml(javax.servlet.http.HttpServletRequest,javax.servlet.http.HttpServletResponse)
2018-07-22 17:11:57.568  INFO 8848 --- [main] o.s.w.s.handler.SimpleUrlHandlerMapping  : Mapped URL path [/atguigu] onto handler of type [class org.springframework.web.servlet.mvc.ParameterizableViewController]
2018-07-22 17:11:57.568  INFO 8848 --- [main] o.s.w.s.handler.SimpleUrlHandlerMapping  : Root mapping to handler of type [class org.springframework.web.servlet.mvc.ParameterizableViewController]
2018-07-22 17:11:57.568  INFO 8848 --- [main] o.s.w.s.handler.SimpleUrlHandlerMapping  : Mapped URL path [/index.html] onto handler of type [class org.springframework.web.servlet.mvc.ParameterizableViewController]
2018-07-22 17:11:57.568  INFO 8848 --- [main] o.s.w.s.handler.SimpleUrlHandlerMapping  : Mapped URL path [/main.html] onto handler of type [class org.springframework.web.servlet.mvc.ParameterizableViewController]
2018-07-22 17:11:57.579  INFO 8848 --- [main] o.s.w.s.handler.SimpleUrlHandlerMapping  : Mapped URL path [/webjars/**] onto handler of type [class org.springframework.web.servlet.resource.ResourceHttpRequestHandler]
2018-07-22 17:11:57.579  INFO 8848 --- [main] o.s.w.s.handler.SimpleUrlHandlerMapping  : Mapped URL path [/**] onto handler of type [class org.springframework.web.servlet.resource.ResourceHttpRequestHandler]
2018-07-22 17:11:57.667  INFO 8848 --- [main] o.s.b.a.w.s.WelcomePageHandlerMapping    : Adding welcome page: class path resource [public/index.html]
2018-07-22 17:11:57.859  INFO 8848 --- [main] o.s.j.e.a.AnnotationMBeanExporter        : Registering beans for JMX exposure on startup
2018-07-22 17:11:57.860  INFO 8848 --- [main] o.s.j.e.a.AnnotationMBeanExporter        : Bean with name 'dataSource' has been autodetected for JMX exposure
2018-07-22 17:11:57.864  INFO 8848 --- [main] o.s.j.e.a.AnnotationMBeanExporter        : Located MBean 'dataSource': registering with JMX server as MBean [com.zaxxer.hikari:name=dataSource,type=HikariDataSource]
2018-07-22 17:11:57.892  INFO 8848 --- [main] o.s.b.w.embedded.tomcat.TomcatWebServer  : Tomcat started on port(s): 8090 (http) with context path '/crud'
2018-07-22 17:11:57.895  INFO 8848 --- [main] com.heyx.demo02.Demo02Application        : Started Demo02Application in 3.829 seconds (JVM running for 4.79)
2018-07-22 17:12:04.054  INFO 8848 --- [http-nio-8090-exec-1] o.a.c.c.C.[Tomcat].[localhost].[/crud]   : Initializing Spring FrameworkServlet 'dispatcherServlet'
2018-07-22 17:12:04.054  INFO 8848 --- [http-nio-8090-exec-1] o.s.web.servlet.DispatcherServlet        : FrameworkServlet 'dispatcherServlet': initialization started
2018-07-22 17:12:04.069  INFO 8848 --- [http-nio-8090-exec-1] o.s.web.servlet.DispatcherServlet        : FrameworkServlet 'dispatcherServlet': initialization completed in 15 ms
